1509094823954	geckodriver	INFO	geckodriver 0.18.0
1509094823997	geckodriver	INFO	Listening on 127.0.0.1:49163
1509094826169	geckodriver::marionette	INFO	Starting browser C:\Program Files (x86)\Mozilla Firefox\firefox.exe with args ["-marionette"]
1509094831015	Marionette	INFO	Listening on port 49169
1509094832170	Marionette	WARN	TLS certificate errors will be ignored for this session
1509094833747	Marionette	INFO	New connections will no longer be accepted
1509095058395	geckodriver	INFO	geckodriver 0.18.0
1509095058403	geckodriver	INFO	Listening on 127.0.0.1:49197
1509095060434	geckodriver::marionette	INFO	Starting browser C:\Program Files (x86)\Mozilla Firefox\firefox.exe with args ["-marionette"]
1509095063881	Marionette	INFO	Listening on port 49203
1509095064300	Marionette	WARN	TLS certificate errors will be ignored for this session
1509095065463	Marionette	INFO	New connections will no longer be accepted
1509095337986	geckodriver	INFO	geckodriver 0.18.0
1509095337994	geckodriver	INFO	Listening on 127.0.0.1:49228
1509095340030	geckodriver::marionette	INFO	Starting browser C:\Program Files (x86)\Mozilla Firefox\firefox.exe with args ["-marionette"]
1509095343079	Marionette	INFO	Listening on port 49234
1509095343460	Marionette	WARN	TLS certificate errors will be ignored for this session
1509095344606	Marionette	INFO	New connections will no longer be accepted
1509095382251	geckodriver	INFO	geckodriver 0.18.0
1509095382258	geckodriver	INFO	Listening on 127.0.0.1:49259
1509095384288	geckodriver::marionette	INFO	Starting browser C:\Program Files (x86)\Mozilla Firefox\firefox.exe with args ["-marionette"]
1509095387546	Marionette	INFO	Listening on port 49265
1509095387700	Marionette	WARN	TLS certificate errors will be ignored for this session
1509095388967	Marionette	INFO	New connections will no longer be accepted
1509095426230	geckodriver	INFO	geckodriver 0.18.0
1509095426238	geckodriver	INFO	Listening on 127.0.0.1:49290
1509095428270	geckodriver::marionette	INFO	Starting browser C:\Program Files (x86)\Mozilla Firefox\firefox.exe with args ["-marionette"]
1509095431939	Marionette	INFO	Listening on port 49296
1509095432140	Marionette	WARN	TLS certificate errors will be ignored for this session
1509095433600	Marionette	INFO	New connections will no longer be accepted
1509095451459	geckodriver	INFO	geckodriver 0.18.0
1509095451467	geckodriver	INFO	Listening on 127.0.0.1:49321
1509095453506	geckodriver::marionette	INFO	Starting browser C:\Program Files (x86)\Mozilla Firefox\firefox.exe with args ["-marionette"]
1509095456633	Marionette	INFO	Listening on port 49327
1509095456794	Marionette	WARN	TLS certificate errors will be ignored for this session
1509095458245	Marionette	INFO	New connections will no longer be accepted
1509431231739	geckodriver	INFO	geckodriver 0.18.0
1509431231780	geckodriver	INFO	Listening on 127.0.0.1:49161
1509431233991	geckodriver::marionette	INFO	Starting browser C:\Program Files (x86)\Mozilla Firefox\firefox.exe with args ["-marionette"]
1509431240902	Marionette	INFO	Listening on port 49167
1509431241706	Marionette	WARN	TLS certificate errors will be ignored for this session
1509431243055	Marionette	INFO	New connections will no longer be accepted
1509431856591	geckodriver	INFO	geckodriver 0.18.0
1509431856598	geckodriver	INFO	Listening on 127.0.0.1:49196
1509431858638	geckodriver::marionette	INFO	Starting browser C:\Program Files (x86)\Mozilla Firefox\firefox.exe with args ["-marionette"]
1509431861687	Marionette	INFO	Listening on port 49202
1509431862023	Marionette	WARN	TLS certificate errors will be ignored for this session
1509431863117	Marionette	INFO	New connections will no longer be accepted
1509431863343	geckodriver	INFO	geckodriver 0.18.0
1509431863350	geckodriver	INFO	Listening on 127.0.0.1:49227
1509431865369	geckodriver::marionette	INFO	Starting browser C:\Program Files (x86)\Mozilla Firefox\firefox.exe with args ["-marionette"]
1509431868071	Marionette	INFO	Listening on port 49233
1509431868792	Marionette	WARN	TLS certificate errors will be ignored for this session
1509431869510	Marionette	INFO	New connections will no longer be accepted
1509431945322	geckodriver	INFO	geckodriver 0.18.0
1509431945330	geckodriver	INFO	Listening on 127.0.0.1:49255
1509431947410	geckodriver::marionette	INFO	Starting browser C:\Program Files (x86)\Mozilla Firefox\firefox.exe with args ["-marionette"]
1509431950208	Marionette	INFO	Listening on port 49261
1509431950850	Marionette	WARN	TLS certificate errors will be ignored for this session
1509431951695	Marionette	INFO	New connections will no longer be accepted
1509431951942	geckodriver	INFO	geckodriver 0.18.0
1509431951948	geckodriver	INFO	Listening on 127.0.0.1:49286
1509431953957	geckodriver::marionette	INFO	Starting browser C:\Program Files (x86)\Mozilla Firefox\firefox.exe with args ["-marionette"]
1509431956546	Marionette	INFO	Listening on port 49292
1509431957238	Marionette	WARN	TLS certificate errors will be ignored for this session
1509431958098	Marionette	INFO	New connections will no longer be accepted
1509431977206	geckodriver	INFO	geckodriver 0.18.0
1509431977213	geckodriver	INFO	Listening on 127.0.0.1:49314
1509431979248	geckodriver::marionette	INFO	Starting browser C:\Program Files (x86)\Mozilla Firefox\firefox.exe with args ["-marionette"]
1509431982074	Marionette	INFO	Listening on port 49320
1509431982528	Marionette	WARN	TLS certificate errors will be ignored for this session
1509431983202	Marionette	INFO	New connections will no longer be accepted
1509431983354	geckodriver	INFO	geckodriver 0.18.0
1509431983359	geckodriver	INFO	Listening on 127.0.0.1:49345
1509431985381	geckodriver::marionette	INFO	Starting browser C:\Program Files (x86)\Mozilla Firefox\firefox.exe with args ["-marionette"]
1509431987897	Marionette	INFO	Listening on port 49351
1509431988623	Marionette	WARN	TLS certificate errors will be ignored for this session
1509431989569	Marionette	INFO	New connections will no longer be accepted
1514039713554	geckodriver	INFO	geckodriver 0.18.0
1514039713574	geckodriver	INFO	Listening on 127.0.0.1:57545
1514039715610	geckodriver::marionette	INFO	Starting browser C:\Program Files (x86)\Mozilla Firefox\firefox.exe with args ["-marionette"]
1514039716548	addons.xpi	WARN	Error parsing extensions state: [Exception... "Component returned failure code: 0x80520012 (NS_ERROR_FILE_NOT_FOUND) [amIAddonManagerStartup.readStartupData]"  nsresult: "0x80520012 (NS_ERROR_FILE_NOT_FOUND)"  location: "JS frame :: resource://gre/modules/addons/XPIProvider.jsm :: loadExtensionState :: line 1554"  data: no] Stack trace: loadExtensionState()@resource://gre/modules/addons/XPIProvider.jsm:1554 < getInstallState()@resource://gre/modules/addons/XPIProvider.jsm:1589 < checkForChanges()@resource://gre/modules/addons/XPIProvider.jsm:3109 < startup()@resource://gre/modules/addons/XPIProvider.jsm:2188 < callProvider()@resource://gre/modules/AddonManager.jsm:269 < _startProvider()@resource://gre/modules/AddonManager.jsm:739 < startup()@resource://gre/modules/AddonManager.jsm:906 < startup()@resource://gre/modules/AddonManager.jsm:3090 < observe()@jar:file:///C:/Program%20Files%20(x86)/Mozilla%20Firefox/omni.ja!/components/addonManager.js:65
1514039717518	Marionette	INFO	Enabled via --marionette
1514039721401	Marionette	INFO	Listening on port 57551
1514039721464	Marionette	WARN	TLS certificate errors will be ignored for this session
1514039721530	Marionette	DEBUG	Register listener.js for window 4294967297
1514039721595	Marionette	DEBUG	Received DOM event "beforeunload" for "about:blank"
1514039721610	Marionette	DEBUG	Received DOM event "pagehide" for "about:blank"
1514039721610	Marionette	DEBUG	Received DOM event "unload" for "about:blank"
1514039721611	Marionette	DEBUG	Received observer notification "outer-window-destroyed" for "4294967297"
[Child 22196] WARNING: pipe error: 109: file z:/build/build/src/ipc/chromium/src/chrome/common/ipc_channel_win.cc, line 346
[Child 22196] WARNING: pipe error: 109: file z:/build/build/src/ipc/chromium/src/chrome/common/ipc_channel_win.cc, line 346
1514039724233	Marionette	DEBUG	Register listener.js for window 8589934593
1514039724365	Marionette	DEBUG	Check readyState "uninitialized for "about:blank"
1514039724419	Marionette	DEBUG	Received DOM event "DOMContentLoaded" for "about:neterror?e=fileNotFound&u=file%3A///E%3A/selenium/day07/day0701demo/exercise01.html&c=UTF-8&f=regular&d=Firefox%20%E6%97%A0%E6%B3%95%E5%9C%A8%20/E%3A/selenium/day07/day0701demo/exercise01.html%20%E6%89%BE%E5%88%B0%E8%AF%A5%E6%96%87%E4%BB%B6%E3%80%82"
1514039724430	Marionette	INFO	New connections will no longer be accepted
